UG to STEP
! INFO-     NX STEP AP214 - V1899
! INFO-      
! INFO-     Start of Translation: 4-AUG-2022  12:18:27 PM
! INFO-      
! STATUS-   Converting Part: C:\Users\objel\OneDrive\Documents\NX\Force_Data_Collection\Hand_Held_Devices_Concept\ACUFEX_1_5mm_UPBITER_PUNCH_7207735.prt
! SUMMARY-   
! SUMMARY-  Summary of Unigraphics Part Entities
! SUMMARY-  For Part: C:\Users\objel\OneDrive\Documents\NX\Force_Data_Collection\Hand_Held_Devices_Concept\ACUFEX_1_5mm_UPBITER_PUNCH_7207735.prt 
! SUMMARY-  Entities Processed             Count
! SUMMARY-  ------------------             -----
! SUMMARY-  Part Attribute ..............:     1
! SUMMARY-  Font ........................:     1
! SUMMARY-  Color Table .................:     2
! SUMMARY-  Coordinate System ...........:     1
! SUMMARY-  Parameter ...................:     1
! SUMMARY-  Matrix ......................:     1
! SUMMARY-  Component ...................:     3
! SUMMARY-                                 -----
! SUMMARY-  Total                             10
! SUMMARY-   
! SUMMARY-  Summary of Unigraphics Part Entities
! SUMMARY-  For Part: ACUFEX_PUNCH_MAIN_BODY.prt 
! SUMMARY-  Entities Processed             Count
! SUMMARY-  ------------------             -----
! SUMMARY-  Part Attribute ..............:     1
! SUMMARY-  Font ........................:     1
! SUMMARY-  Color Table .................:     2
! SUMMARY-  Coordinate System ...........:     2
! SUMMARY-  Parameter ...................:     1
! SUMMARY-  Matrix ......................:     1
! SUMMARY-  Reference Set ...............:     1
! SUMMARY-  Solid .......................:
! SUMMARY-     Body .....................:     1
! SUMMARY-                                 -----
! SUMMARY-  Total                             10
! SUMMARY-   
! SUMMARY-  Summary of Unigraphics Part Entities
! SUMMARY-  For Part: trigger_CSYS_translate.prt 
! SUMMARY-  Entities Processed             Count
! SUMMARY-  ------------------             -----
! SUMMARY-  Part Attribute ..............:     1
! SUMMARY-  Font ........................:     1
! SUMMARY-  Color Table .................:     2
! SUMMARY-  Coordinate System ...........:     2
! SUMMARY-  Parameter ...................:     1
! SUMMARY-  Matrix ......................:     1
! SUMMARY-  Reference Set ...............:     1
! SUMMARY-  Solid .......................:
! SUMMARY-     Body .....................:     1
! SUMMARY-                                 -----
! SUMMARY-  Total                             10
! SUMMARY-   
! SUMMARY-  Summary of Unigraphics Part Entities
! SUMMARY-  For Part: ACUFEX_PUNCHER.prt 
! SUMMARY-  Entities Processed             Count
! SUMMARY-  ------------------             -----
! SUMMARY-  Part Attribute ..............:     1
! SUMMARY-  Font ........................:     1
! SUMMARY-  Color Table .................:     2
! SUMMARY-  Coordinate System ...........:     2
! SUMMARY-  Parameter ...................:     1
! SUMMARY-  Matrix ......................:     1
! SUMMARY-  Reference Set ...............:     1
! SUMMARY-  Solid .......................:
! SUMMARY-     Body .....................:     1
! SUMMARY-                                 -----
! SUMMARY-  Total                             10
! STATUS-    
! STATUS-   Converting to Output Form (Phase 2 of 3): 4-AUG-2022 12:18:28 PM
! STATUS-    
! STATUS-    
! STATUS-   Generating UG geometry and placing them in parts
! STATUS-    
! SUMMARY-   
! SUMMARY-    STEP Header Information
! SUMMARY-   
! SUMMARY-  Description      Unknown
! SUMMARY-  Imp_Level        1
! SUMMARY-  File_Name        ACUFEX_1_5mm_UPBITER_PUNCH_7207735.stp
! SUMMARY-  Date             2022-08-04T12:18:28+02:00
! SUMMARY-  Author           Unknown
! SUMMARY-  Organization     Unknown
! SUMMARY-  Pre_Version      ST-DEVELOPER v16.7
! SUMMARY-  Orig_System      SIEMENS PLM Software NX 1911
! SUMMARY-  Authorization    Unknown
! SUMMARY-  Schema_ID        step_merged_cad_schema
! SUMMARY-   
! SUMMARY-    Summary of STEP Entities
! SUMMARY-   
! SUMMARY-  Entity Type                                                   Count
! SUMMARY-  -----------                                                   ------
! SUMMARY-  advanced_face ..............................................:    137
! SUMMARY-  application_context ........................................:      1
! SUMMARY-  axis2_placement_3d .........................................:    265
! SUMMARY-  b_spline_curve_with_knots ..................................:     51
! SUMMARY-  b_spline_surface_with_knots_and_rational_b_spline_surface ..:     16
! SUMMARY-  cartesian_point ............................................:   2463
! SUMMARY-  circle .....................................................:    109
! SUMMARY-  closed_shell ...............................................:      3
! SUMMARY-  context_dependent_shape_representation .....................:      3
! SUMMARY-  conversion_based_unit_and_plane_angle_unit .................:      1
! SUMMARY-  cylindrical_surface ........................................:     53
! SUMMARY-  dimensional_exponents ......................................:      1
! SUMMARY-  direction ..................................................:    678
! SUMMARY-  edge_curve .................................................:    335
! SUMMARY-  edge_loop ..................................................:    165
! SUMMARY-  ellipse ....................................................:     35
! SUMMARY-  face_bound .................................................:     54
! SUMMARY-  face_outer_bound ...........................................:    111
! SUMMARY-  geometric_representation_context_and_global_uncertainty_a ..:      4
! SUMMARY-  item_defined_transformation ................................:      3
! SUMMARY-  length_unit_and_si_unit ....................................:      1
! SUMMARY-  line .......................................................:    144
! SUMMARY-  manifold_solid_brep ........................................:      3
! SUMMARY-  next_assembly_usage_occurrence .............................:      3
! SUMMARY-  oriented_edge ..............................................:    670
! SUMMARY-  plane ......................................................:     46
! SUMMARY-  plane_angle_measure_with_unit ..............................:      1
! SUMMARY-  plane_angle_unit_and_si_unit ...............................:      1
! SUMMARY-  product ....................................................:      4
! SUMMARY-  product_context ............................................:      4
! SUMMARY-  product_definition .........................................:      4
! SUMMARY-  product_definition_context .................................:      4
! SUMMARY-  product_definition_formation_with_specified_source .........:      4
! SUMMARY-  product_definition_shape ...................................:      7
! SUMMARY-  product_related_product_category ...........................:      4
! SUMMARY-  representation_relationship_with_transformation_and_shape ..:      3
! SUMMARY-  shape_representation .......................................:      4
! SUMMARY-  si_unit_and_solid_angle_unit ...............................:      1
! SUMMARY-  spherical_surface ..........................................:      2
! SUMMARY-  surface_of_linear_extrusion ................................:      4
! SUMMARY-  toroidal_surface ...........................................:     16
! SUMMARY-  uncertainty_measure_with_unit ..............................:      4
! SUMMARY-  vector .....................................................:    148
! SUMMARY-  vertex_point ...............................................:    214
! SUMMARY-                                                               -------
! SUMMARY-  Total                                                           5784
! WARNING-  Convergent/Facet bodies are not processed.
! INFO-      
! INFO-     User interface/default file
! INFO-     Bspline aprx. value in effect for this translation : 2.540000e-02 mm
! INFO-      
! INFO-     Total number of solids input for this translation  :       3
! INFO-      
! INFO-     Number of solids processed without problems        :       3
! INFO-      
! INFO-     Number of solids with problems output as sheets    :       0
! INFO-      
! INFO-     Number of solids not processed                     :       0
! INFO-      
! INFO-     End of Translation: 4-AUG-2022  12:18:28 PM
! INFO-      
